<?xml version="1.0" encoding="UTF-8"?>
<testng-results skipped="0" failed="0" total="1" passed="1">
  <reporter-output>
  </reporter-output>
  <suite name="Default suite" duration-ms="70693" started-at="2017-07-23T05:28:15Z" finished-at="2017-07-23T05:29:25Z">
    <groups>
    </groups>
    <test name="Default test" duration-ms="70693" started-at="2017-07-23T05:28:15Z" finished-at="2017-07-23T05:29:25Z">
      <class name="com.test.automation.gmail.demo.TestDemo">
        <test-method status="PASS" signature="login()[pri:0, instance:com.test.automation.gmail.demo.TestDemo@7f690630]" name="login" duration-ms="70660" started-at="2017-07-23T10:58:15Z" finished-at="2017-07-23T10:59:25Z">
          <reporter-output>
          </reporter-output>
        </test-method> <!-- login -->
      </class> <!-- com.test.automation.gmail.demo.TestDemo -->
    </test> <!-- Default test -->
  </suite> <!-- Default suite -->
</testng-results>
